{"E:\\pulpit\\VS\\FreeCodeCamp\\Coding interview\\Algorithms\\sum.js": {"path":"E:\\pulpit\\VS\\FreeCodeCamp\\Coding interview\\Algorithms\\sum.js","statementMap":{"0":{"start":{"line":2,"column":2},"end":{"line":2,"column":15}}},"fnMap":{"0":{"name":"sum","decl":{"start":{"line":1,"column":24},"end":{"line":1,"column":27}},"loc":{"start":{"line":1,"column":34},"end":{"line":3,"column":1}},"line":1}},"branchMap":{},"s":{"0":1},"f":{"0":1},"b":{},"_coverageSchema":"1a1c01bbd47fc00a2c39e90264f33305004495a9","hash":"730f4c8b2dc4a4da594a5c2a79e856bf28a0ac98"}
}
